<?xml version="1.0" encoding="UTF-8" ?>
<testsuite tests="3" failures="0" name="com.oracle.preparation.algorithm.AlgorithmImplementationTest" time="0.001" errors="0" skipped="0">
  <properties>
[...]
</properties>
  <testcase classname="com.oracle.preparation.algorithm.AlgorithmImplementationTest" name="com.oracle.preparation.algorithm.AlgorithmImplementationTest.testWhenConvertingBase10ToBase16" time="0.001"/>
  <testcase classname="com.oracle.preparation.algorithm.AlgorithmImplementationTest" name="com.oracle.preparation.algorithm.AlgorithmImplementationTest.testWhenConvertingBase16ToDecimal" time="0"/>
  <testcase classname="com.oracle.preparation.algorithm.AlgorithmImplementationTest" name="com.oracle.preparation.algorithm.AlgorithmImplementationTest.testWhenConvertingBase12ToBase7" time="0"/>
</testsuite>